<?xml version="1.0" encoding="UTF-8"?>
<testsuite xmlns:xsi="http://www.w3.org/2001/XMLSchema-instance" xsi:noNamespaceSchemaLocation="https://maven.apache.org/surefire/maven-surefire-plugin/xsd/surefire-test-report-3.0.xsd" version="3.0" name="TestSuite" time="26.136" tests="1" errors="0" skipped="0" failures="0">
  <properties>
    <property name="gopherProxySet" value="false"/>
    <property name="awt.toolkit" value="sun.lwawt.macosx.LWCToolkit"/>
    <property name="file.encoding.pkg" value="sun.io"/>
    <property name="java.specification.version" value="1.8"/>
    <property name="sun.cpu.isalist" value=""/>
    <property name="sun.jnu.encoding" value="UTF-8"/>
    <property name="java.class.path" value="/Users/reazurrahman/eclipse-workspace/SeleniumProject/target/test-classes:/Users/reazurrahman/eclipse-workspace/SeleniumProject/target/classes:/Users/reazurrahman/.m2/repository/org/seleniumhq/selenium/selenium-java/3.141.59/selenium-java-3.141.59.jar:/Users/reazurrahman/.m2/repository/org/seleniumhq/selenium/selenium-api/3.141.59/selenium-api-3.141.59.jar:/Users/reazurrahman/.m2/repository/org/seleniumhq/selenium/selenium-chrome-driver/3.141.59/selenium-chrome-driver-3.141.59.jar:/Users/reazurrahman/.m2/repository/org/seleniumhq/selenium/selenium-edge-driver/3.141.59/selenium-edge-driver-3.141.59.jar:/Users/reazurrahman/.m2/repository/org/seleniumhq/selenium/selenium-firefox-driver/3.141.59/selenium-firefox-driver-3.141.59.jar:/Users/reazurrahman/.m2/repository/org/seleniumhq/selenium/selenium-ie-driver/3.141.59/selenium-ie-driver-3.141.59.jar:/Users/reazurrahman/.m2/repository/org/seleniumhq/selenium/selenium-opera-driver/3.141.59/selenium-opera-driver-3.141.59.jar:/Users/reazurrahman/.m2/repository/org/seleniumhq/selenium/selenium-remote-driver/3.141.59/selenium-remote-driver-3.141.59.jar:/Users/reazurrahman/.m2/repository/org/seleniumhq/selenium/selenium-safari-driver/3.141.59/selenium-safari-driver-3.141.59.jar:/Users/reazurrahman/.m2/repository/org/seleniumhq/selenium/selenium-support/3.141.59/selenium-support-3.141.59.jar:/Users/reazurrahman/.m2/repository/net/bytebuddy/byte-buddy/1.8.15/byte-buddy-1.8.15.jar:/Users/reazurrahman/.m2/repository/org/apache/commons/commons-exec/1.3/commons-exec-1.3.jar:/Users/reazurrahman/.m2/repository/com/google/guava/guava/25.0-jre/guava-25.0-jre.jar:/Users/reazurrahman/.m2/repository/com/google/code/findbugs/jsr305/1.3.9/jsr305-1.3.9.jar:/Users/reazurrahman/.m2/repository/org/checkerframework/checker-compat-qual/2.0.0/checker-compat-qual-2.0.0.jar:/Users/reazurrahman/.m2/repository/com/google/errorprone/error_prone_annotations/2.1.3/error_prone_annotations-2.1.3.jar:/Users/reazurrahman/.m2/repository/com/google/j2objc/j2objc-annotations/1.1/j2objc-annotations-1.1.jar:/Users/reazurrahman/.m2/repository/org/codehaus/mojo/animal-sniffer-annotations/1.14/animal-sniffer-annotations-1.14.jar:/Users/reazurrahman/.m2/repository/com/squareup/okhttp3/okhttp/3.11.0/okhttp-3.11.0.jar:/Users/reazurrahman/.m2/repository/com/squareup/okio/okio/1.14.0/okio-1.14.0.jar:/Users/reazurrahman/.m2/repository/org/testng/testng/7.4.0/testng-7.4.0.jar:/Users/reazurrahman/.m2/repository/com/beust/jcommander/1.78/jcommander-1.78.jar:/Users/reazurrahman/.m2/repository/org/webjars/jquery/3.5.1/jquery-3.5.1.jar:/Users/reazurrahman/.m2/repository/commons-io/commons-io/2.6/commons-io-2.6.jar:/Users/reazurrahman/.m2/repository/javax/mail/javax.mail-api/1.6.1/javax.mail-api-1.6.1.jar:/Users/reazurrahman/.m2/repository/javax/activation/activation/1.1/activation-1.1.jar:/Users/reazurrahman/.m2/repository/com/sun/mail/javax.mail/1.6.0/javax.mail-1.6.0.jar:/Users/reazurrahman/.m2/repository/junit/junit/4.12/junit-4.12.jar:/Users/reazurrahman/.m2/repository/org/hamcrest/hamcrest-core/1.3/hamcrest-core-1.3.jar:/Users/reazurrahman/.m2/repository/net/sourceforge/jexcelapi/jxl/2.6.12/jxl-2.6.12.jar:/Users/reazurrahman/.m2/repository/com/microsoft/sqlserver/mssql-jdbc/6.4.0.jre9/mssql-jdbc-6.4.0.jre9.jar:/Users/reazurrahman/.m2/repository/org/apache/poi/poi/3.17/poi-3.17.jar:/Users/reazurrahman/.m2/repository/commons-codec/commons-codec/1.10/commons-codec-1.10.jar:/Users/reazurrahman/.m2/repository/org/apache/commons/commons-collections4/4.1/commons-collections4-4.1.jar:/Users/reazurrahman/.m2/repository/org/apache/poi/poi-ooxml/3.17/poi-ooxml-3.17.jar:/Users/reazurrahman/.m2/repository/org/apache/poi/poi-ooxml-schemas/3.17/poi-ooxml-schemas-3.17.jar:/Users/reazurrahman/.m2/repository/org/apache/xmlbeans/xmlbeans/2.6.0/xmlbeans-2.6.0.jar:/Users/reazurrahman/.m2/repository/stax/stax-api/1.0.1/stax-api-1.0.1.jar:/Users/reazurrahman/.m2/repository/com/github/virtuald/curvesapi/1.04/curvesapi-1.04.jar:/Users/reazurrahman/.m2/repository/com/github/2gis/winium/winium-elements-desktop/0.2.0-1/winium-elements-desktop-0.2.0-1.jar:/Users/reazurrahman/.m2/repository/com/github/2gis/winium/winium-webdriver/0.1.0-1/winium-webdriver-0.1.0-1.jar:/Users/reazurrahman/.m2/repository/log4j/log4j/1.2.17/log4j-1.2.17.jar:"/>
    <property name="java.vm.vendor" value="Oracle Corporation"/>
    <property name="sun.arch.data.model" value="64"/>
    <property name="java.vendor.url" value="http://java.oracle.com/"/>
    <property name="user.timezone" value="America/New_York"/>
    <property name="java.vm.specification.version" value="1.8"/>
    <property name="os.name" value="Mac OS X"/>
    <property name="user.country" value="US"/>
    <property name="sun.java.launcher" value="SUN_STANDARD"/>
    <property name="sun.boot.library.path" value="/Library/Java/JavaVirtualMachines/jdk1.8.0_131.jdk/Contents/Home/jre/lib"/>
    <property name="sun.java.command" value="/Users/reazurrahman/eclipse-workspace/SeleniumProject/target/surefire/surefirebooter1239207655224197053.jar /Users/reazurrahman/eclipse-workspace/SeleniumProject/target/surefire 2022-02-25T11-59-53_420-jvmRun1 surefire3169889319820519518tmp surefire_01482118756066242110tmp"/>
    <property name="http.nonProxyHosts" value="local|*.local|169.254/16|*.169.254/16"/>
    <property name="surefire.test.class.path" value="/Users/reazurrahman/eclipse-workspace/SeleniumProject/target/test-classes:/Users/reazurrahman/eclipse-workspace/SeleniumProject/target/classes:/Users/reazurrahman/.m2/repository/org/seleniumhq/selenium/selenium-java/3.141.59/selenium-java-3.141.59.jar:/Users/reazurrahman/.m2/repository/org/seleniumhq/selenium/selenium-api/3.141.59/selenium-api-3.141.59.jar:/Users/reazurrahman/.m2/repository/org/seleniumhq/selenium/selenium-chrome-driver/3.141.59/selenium-chrome-driver-3.141.59.jar:/Users/reazurrahman/.m2/repository/org/seleniumhq/selenium/selenium-edge-driver/3.141.59/selenium-edge-driver-3.141.59.jar:/Users/reazurrahman/.m2/repository/org/seleniumhq/selenium/selenium-firefox-driver/3.141.59/selenium-firefox-driver-3.141.59.jar:/Users/reazurrahman/.m2/repository/org/seleniumhq/selenium/selenium-ie-driver/3.141.59/selenium-ie-driver-3.141.59.jar:/Users/reazurrahman/.m2/repository/org/seleniumhq/selenium/selenium-opera-driver/3.141.59/selenium-opera-driver-3.141.59.jar:/Users/reazurrahman/.m2/repository/org/seleniumhq/selenium/selenium-remote-driver/3.141.59/selenium-remote-driver-3.141.59.jar:/Users/reazurrahman/.m2/repository/org/seleniumhq/selenium/selenium-safari-driver/3.141.59/selenium-safari-driver-3.141.59.jar:/Users/reazurrahman/.m2/repository/org/seleniumhq/selenium/selenium-support/3.141.59/selenium-support-3.141.59.jar:/Users/reazurrahman/.m2/repository/net/bytebuddy/byte-buddy/1.8.15/byte-buddy-1.8.15.jar:/Users/reazurrahman/.m2/repository/org/apache/commons/commons-exec/1.3/commons-exec-1.3.jar:/Users/reazurrahman/.m2/repository/com/google/guava/guava/25.0-jre/guava-25.0-jre.jar:/Users/reazurrahman/.m2/repository/com/google/code/findbugs/jsr305/1.3.9/jsr305-1.3.9.jar:/Users/reazurrahman/.m2/repository/org/checkerframework/checker-compat-qual/2.0.0/checker-compat-qual-2.0.0.jar:/Users/reazurrahman/.m2/repository/com/google/errorprone/error_prone_annotations/2.1.3/error_prone_annotations-2.1.3.jar:/Users/reazurrahman/.m2/repository/com/google/j2objc/j2objc-annotations/1.1/j2objc-annotations-1.1.jar:/Users/reazurrahman/.m2/repository/org/codehaus/mojo/animal-sniffer-annotations/1.14/animal-sniffer-annotations-1.14.jar:/Users/reazurrahman/.m2/repository/com/squareup/okhttp3/okhttp/3.11.0/okhttp-3.11.0.jar:/Users/reazurrahman/.m2/repository/com/squareup/okio/okio/1.14.0/okio-1.14.0.jar:/Users/reazurrahman/.m2/repository/org/testng/testng/7.4.0/testng-7.4.0.jar:/Users/reazurrahman/.m2/repository/com/beust/jcommander/1.78/jcommander-1.78.jar:/Users/reazurrahman/.m2/repository/org/webjars/jquery/3.5.1/jquery-3.5.1.jar:/Users/reazurrahman/.m2/repository/commons-io/commons-io/2.6/commons-io-2.6.jar:/Users/reazurrahman/.m2/repository/javax/mail/javax.mail-api/1.6.1/javax.mail-api-1.6.1.jar:/Users/reazurrahman/.m2/repository/javax/activation/activation/1.1/activation-1.1.jar:/Users/reazurrahman/.m2/repository/com/sun/mail/javax.mail/1.6.0/javax.mail-1.6.0.jar:/Users/reazurrahman/.m2/repository/junit/junit/4.12/junit-4.12.jar:/Users/reazurrahman/.m2/repository/org/hamcrest/hamcrest-core/1.3/hamcrest-core-1.3.jar:/Users/reazurrahman/.m2/repository/net/sourceforge/jexcelapi/jxl/2.6.12/jxl-2.6.12.jar:/Users/reazurrahman/.m2/repository/com/microsoft/sqlserver/mssql-jdbc/6.4.0.jre9/mssql-jdbc-6.4.0.jre9.jar:/Users/reazurrahman/.m2/repository/org/apache/poi/poi/3.17/poi-3.17.jar:/Users/reazurrahman/.m2/repository/commons-codec/commons-codec/1.10/commons-codec-1.10.jar:/Users/reazurrahman/.m2/repository/org/apache/commons/commons-collections4/4.1/commons-collections4-4.1.jar:/Users/reazurrahman/.m2/repository/org/apache/poi/poi-ooxml/3.17/poi-ooxml-3.17.jar:/Users/reazurrahman/.m2/repository/org/apache/poi/poi-ooxml-schemas/3.17/poi-ooxml-schemas-3.17.jar:/Users/reazurrahman/.m2/repository/org/apache/xmlbeans/xmlbeans/2.6.0/xmlbeans-2.6.0.jar:/Users/reazurrahman/.m2/repository/stax/stax-api/1.0.1/stax-api-1.0.1.jar:/Users/reazurrahman/.m2/repository/com/github/virtuald/curvesapi/1.04/curvesapi-1.04.jar:/Users/reazurrahman/.m2/repository/com/github/2gis/winium/winium-elements-desktop/0.2.0-1/winium-elements-desktop-0.2.0-1.jar:/Users/reazurrahman/.m2/repository/com/github/2gis/winium/winium-webdriver/0.1.0-1/winium-webdriver-0.1.0-1.jar:/Users/reazurrahman/.m2/repository/log4j/log4j/1.2.17/log4j-1.2.17.jar:"/>
    <property name="sun.cpu.endian" value="little"/>
    <property name="user.home" value="/Users/reazurrahman"/>
    <property name="user.language" value="en"/>
    <property name="java.specification.vendor" value="Oracle Corporation"/>
    <property name="java.home" value="/Library/Java/JavaVirtualMachines/jdk1.8.0_131.jdk/Contents/Home/jre"/>
    <property name="basedir" value="/Users/reazurrahman/eclipse-workspace/SeleniumProject"/>
    <property name="file.separator" value="/"/>
    <property name="line.separator" value="&#10;"/>
    <property name="java.vm.specification.vendor" value="Oracle Corporation"/>
    <property name="java.specification.name" value="Java Platform API Specification"/>
    <property name="java.awt.graphicsenv" value="sun.awt.CGraphicsEnvironment"/>
    <property name="surefire.real.class.path" value="/Users/reazurrahman/eclipse-workspace/SeleniumProject/target/surefire/surefirebooter1239207655224197053.jar"/>
    <property name="sun.boot.class.path" value="/Library/Java/JavaVirtualMachines/jdk1.8.0_131.jdk/Contents/Home/jre/lib/resources.jar:/Library/Java/JavaVirtualMachines/jdk1.8.0_131.jdk/Contents/Home/jre/lib/rt.jar:/Library/Java/JavaVirtualMachines/jdk1.8.0_131.jdk/Contents/Home/jre/lib/sunrsasign.jar:/Library/Java/JavaVirtualMachines/jdk1.8.0_131.jdk/Contents/Home/jre/lib/jsse.jar:/Library/Java/JavaVirtualMachines/jdk1.8.0_131.jdk/Contents/Home/jre/lib/jce.jar:/Library/Java/JavaVirtualMachines/jdk1.8.0_131.jdk/Contents/Home/jre/lib/charsets.jar:/Library/Java/JavaVirtualMachines/jdk1.8.0_131.jdk/Contents/Home/jre/lib/jfr.jar:/Library/Java/JavaVirtualMachines/jdk1.8.0_131.jdk/Contents/Home/jre/classes"/>
    <property name="sun.management.compiler" value="HotSpot 64-Bit Tiered Compilers"/>
    <property name="ftp.nonProxyHosts" value="local|*.local|169.254/16|*.169.254/16"/>
    <property name="java.runtime.version" value="1.8.0_131-b11"/>
    <property name="user.name" value="reazurrahman"/>
    <property name="path.separator" value=":"/>
    <property name="os.version" value="10.16"/>
    <property name="java.endorsed.dirs" value="/Library/Java/JavaVirtualMachines/jdk1.8.0_131.jdk/Contents/Home/jre/lib/endorsed"/>
    <property name="java.runtime.name" value="Java(TM) SE Runtime Environment"/>
    <property name="file.encoding" value="UTF-8"/>
    <property name="java.vm.name" value="Java HotSpot(TM) 64-Bit Server VM"/>
    <property name="localRepository" value="/Users/reazurrahman/.m2/repository"/>
    <property name="java.vendor.url.bug" value="http://bugreport.sun.com/bugreport/"/>
    <property name="java.io.tmpdir" value="/var/folders/wp/7kfhktd17j75fh5m53fsr_lw0000gn/T/"/>
    <property name="java.version" value="1.8.0_131"/>
    <property name="user.dir" value="/Users/reazurrahman/eclipse-workspace/SeleniumProject"/>
    <property name="os.arch" value="x86_64"/>
    <property name="webdriver.gecko.driver" value="/Users/reazurrahman/eclipse-workspace/SeleniumProject/driver/geckodriver"/>
    <property name="java.vm.specification.name" value="Java Virtual Machine Specification"/>
    <property name="java.awt.printerjob" value="sun.lwawt.macosx.CPrinterJob"/>
    <property name="sun.os.patch.level" value="unknown"/>
    <property name="java.library.path" value="/Users/reazurrahman/Library/Java/Extensions:/Library/Java/Extensions:/Network/Library/Java/Extensions:/System/Library/Java/Extensions:/usr/lib/java:."/>
    <property name="java.vm.info" value="mixed mode"/>
    <property name="java.vendor" value="Oracle Corporation"/>
    <property name="java.vm.version" value="25.131-b11"/>
    <property name="java.ext.dirs" value="/Users/reazurrahman/Library/Java/Extensions:/Library/Java/JavaVirtualMachines/jdk1.8.0_131.jdk/Contents/Home/jre/lib/ext:/Library/Java/Extensions:/Network/Library/Java/Extensions:/System/Library/Java/Extensions:/usr/lib/java"/>
    <property name="sun.io.unicode.encoding" value="UnicodeBig"/>
    <property name="java.class.version" value="52.0"/>
    <property name="socksNonProxyHosts" value="local|*.local|169.254/16|*.169.254/16"/>
  </properties>
  <testcase name="atTest" classname="com.google.test.NewTest" time="15.041">
    <system-out><![CDATA[BeforTest()
Test()
]]></system-out>
    <system-err><![CDATA[1645808398252	geckodriver	INFO	Listening on 127.0.0.1:30611
1645808398594	mozrunner::runner	INFO	Running command: "/Applications/Firefox.app/Contents/MacOS/firefox-bin" "--marionette" "-foreground" "-no-remote" "-profile" "/var/folders/wp/7kfhktd17j75fh5m53fsr_lw0000gn/T/rust_mozprofilefXBANg"
1645808400054	Marionette	INFO	Marionette enabled
console.warn: SearchSettings: "get: No settings file exists, new profile?" (new NotFoundError("Could not open the file at /var/folders/wp/7kfhktd17j75fh5m53fsr_lw0000gn/T/rust_mozprofilefXBANg/search.json.mozlz4", (void 0)))
console.error: BackgroundUpdate: 
  _reasonsToNotScheduleUpdates: Failed to check for Maintenance Service Registry Key: [Exception... "Component returned failure code: 0x80004001 (NS_ERROR_NOT_IMPLEMENTED) [nsIUpdateProcessor.getServiceRegKeyExists]"  nsresult: "0x80004001 (NS_ERROR_NOT_IMPLEMENTED)"  location: "JS frame :: resource://gre/modules/BackgroundUpdate.jsm :: _reasonsToNotScheduleUpdates :: line 241"  data: no]
1645808403990	Marionette	INFO	Listening on port 60684
1645808404190	RemoteAgent	WARN	TLS certificate errors will be ignored for this session
Feb 25, 2022 12:00:04 PM org.openqa.selenium.remote.ProtocolHandshake createSession
INFO: Detected dialect: W3C
console.warn: LoginRecipes: "getRecipes: falling back to a synchronous message for:" "https://www.google.com"
]]></system-err>
  </testcase>
</testsuite>