<?xml version="1.0" encoding="UTF-8"?>
<!-- Generated by org.testng.reporters.JUnitReportReporter -->
<testsuite skipped="0" hostname="Reazurs-MacBook-Air.local" name="com.google.test.NewTest" tests="1" failures="0" timestamp="2022-02-25T12:00:22 EST" time="15.037" errors="0">
  <testcase name="atTest" time="15.037" classname="com.google.test.NewTest"/>
  <system-out/>
</testsuite> <!-- com.google.test.NewTest -->
